<?xml version="1.0" encoding="UTF-8"?>
<!-- Generated by org.testng.reporters.JUnitReportReporter -->
<testsuite hostname="DESKTOP-H3SNJHA" failures="0" tests="1" name="com.nexus.testcases.NexusPricingMgrSummaryTest" time="464.327" errors="0" timestamp="2021-06-07T10:16:53 IST" skipped="0">
  <testcase classname="com.nexus.testcases.NexusPricingMgrSummaryTest" name="pricingMgrSummary" time="464.327"/>
  <system-out/>
</testsuite> <!-- com.nexus.testcases.NexusPricingMgrSummaryTest -->
