<?xml version="1.0" encoding="UTF-8"?>
<!-- Generated by org.testng.reporters.JUnitReportReporter -->
<testsuite hostname="DESKTOP-H3SNJHA" failures="0" tests="1" name="com.nexus.testcases.NexusNewLineSummaryTest" time="207.962" errors="0" timestamp="2021-06-02T13:22:02 IST" skipped="0">
  <testcase classname="com.nexus.testcases.NexusNewLineSummaryTest" name="newLineSummary" time="207.962"/>
  <system-out/>
</testsuite> <!-- com.nexus.testcases.NexusNewLineSummaryTest -->
