<?xml version="1.0" encoding="UTF-8"?>
<!-- Generated by org.testng.reporters.JUnitReportReporter -->
<testsuite hostname="DESKTOP-H3SNJHA" failures="0" tests="1" name="com.nexus.testcases.NexusLoginPageTest" time="19.805" errors="0" timestamp="2021-05-31T15:34:33 IST" skipped="0">
  <testcase classname="com.nexus.testcases.NexusLoginPageTest" name="loginTest" time="19.805"/>
  <system-out/>
</testsuite> <!-- com.nexus.testcases.NexusLoginPageTest -->
