<?xml version="1.0" encoding="UTF-8"?>
<!-- Generated by org.testng.reporters.JUnitReportReporter -->
<testsuite hostname="DESKTOP-H3SNJHA" failures="0" tests="1" name="com.nexus.testcases.NexusSupplierFormPageTest" time="108.582" errors="0" timestamp="2021-06-02T16:06:58 IST" skipped="0">
  <testcase classname="com.nexus.testcases.NexusSupplierFormPageTest" name="newLineSubmissonSelection" time="108.582"/>
  <system-out/>
</testsuite> <!-- com.nexus.testcases.NexusSupplierFormPageTest -->
