<?xml version="1.0" encoding="UTF-8"?>
<!-- Generated by org.testng.reporters.JUnitReportReporter -->
<testsuite hostname="DESKTOP-H3SNJHA" failures="0" tests="1" name="com.nexus.testcases.NexusPricingCheckSummaryTest" time="33.156" errors="0" timestamp="2021-06-03T16:24:48 IST" skipped="0">
  <testcase classname="com.nexus.testcases.NexusPricingCheckSummaryTest" name="pricingCheckSummary" time="33.156"/>
  <system-out/>
</testsuite> <!-- com.nexus.testcases.NexusPricingCheckSummaryTest -->
