<?xml version="1.0" encoding="UTF-8"?>
<!-- Generated by org.testng.reporters.JUnitReportReporter -->
<testsuite hostname="DESKTOP-H3SNJHA" failures="0" tests="1" name="com.nexus.testcases.NexusHomePageTest" time="34.587" errors="0" timestamp="2021-06-02T10:45:37 IST" skipped="0">
  <testcase classname="com.nexus.testcases.NexusHomePageTest" name="newLineSubmissonSelection" time="34.587"/>
  <system-out/>
</testsuite> <!-- com.nexus.testcases.NexusHomePageTest -->
